mode: set
dsa-tutorial/linked-list/doubly-linked-list.go:17.71,19.22 2 1
dsa-tutorial/linked-list/doubly-linked-list.go:19.22,21.3 1 1
dsa-tutorial/linked-list/doubly-linked-list.go:21.8,24.3 2 1
dsa-tutorial/linked-list/doubly-linked-list.go:25.2,27.13 3 1
dsa-tutorial/linked-list/doubly-linked-list.go:30.68,31.22 1 1
dsa-tutorial/linked-list/doubly-linked-list.go:31.22,33.3 1 0
dsa-tutorial/linked-list/doubly-linked-list.go:35.2,41.22 5 1
dsa-tutorial/linked-list/doubly-linked-list.go:41.22,43.3 1 0
dsa-tutorial/linked-list/doubly-linked-list.go:45.2,45.22 1 1
dsa-tutorial/linked-list/doubly-linked-list.go:48.70,49.22 1 0
dsa-tutorial/linked-list/doubly-linked-list.go:49.22,51.3 1 0
dsa-tutorial/linked-list/doubly-linked-list.go:53.2,58.22 4 0
dsa-tutorial/linked-list/doubly-linked-list.go:58.22,61.3 2 0
dsa-tutorial/linked-list/doubly-linked-list.go:61.8,64.3 2 0
dsa-tutorial/linked-list/doubly-linked-list.go:66.2,66.23 1 0
dsa-tutorial/linked-list/doubly-linked-list.go:69.74,72.22 2 0
dsa-tutorial/linked-list/doubly-linked-list.go:72.22,75.3 2 0
dsa-tutorial/linked-list/doubly-linked-list.go:75.8,80.3 4 0
dsa-tutorial/linked-list/doubly-linked-list.go:82.2,84.18 2 0
dsa-tutorial/linked-list/doubly-linked-list.go:87.71,88.45 1 0
dsa-tutorial/linked-list/doubly-linked-list.go:88.45,90.3 1 0
dsa-tutorial/linked-list/doubly-linked-list.go:92.2,97.27 4 0
dsa-tutorial/linked-list/doubly-linked-list.go:97.27,103.21 4 0
dsa-tutorial/linked-list/doubly-linked-list.go:103.21,106.4 2 0
dsa-tutorial/linked-list/doubly-linked-list.go:107.8,110.21 3 0
dsa-tutorial/linked-list/doubly-linked-list.go:110.21,113.4 2 0
dsa-tutorial/linked-list/doubly-linked-list.go:116.2,116.20 1 0
dsa-tutorial/linked-list/doubly-linked-list.go:119.67,122.17 2 0
dsa-tutorial/linked-list/doubly-linked-list.go:122.17,124.3 1 0
dsa-tutorial/linked-list/doubly-linked-list.go:124.8,127.3 2 0
dsa-tutorial/linked-list/doubly-linked-list.go:130.70,131.19 1 0
dsa-tutorial/linked-list/doubly-linked-list.go:131.19,133.3 1 0
dsa-tutorial/linked-list/doubly-linked-list.go:133.8,133.36 1 0
dsa-tutorial/linked-list/doubly-linked-list.go:133.36,135.3 1 0
dsa-tutorial/linked-list/doubly-linked-list.go:135.8,137.22 2 0
dsa-tutorial/linked-list/doubly-linked-list.go:137.22,139.4 1 0
dsa-tutorial/linked-list/doubly-linked-list.go:140.3,144.26 5 0
dsa-tutorial/linked-list/doubly-linked-list.go:147.2,148.13 2 0
dsa-tutorial/linked-list/doubly-linked-list.go:151.74,152.19 1 0
dsa-tutorial/linked-list/doubly-linked-list.go:152.19,155.3 2 0
dsa-tutorial/linked-list/doubly-linked-list.go:155.8,155.38 1 0
dsa-tutorial/linked-list/doubly-linked-list.go:155.38,158.3 2 0
dsa-tutorial/linked-list/doubly-linked-list.go:158.8,161.25 2 0
dsa-tutorial/linked-list/doubly-linked-list.go:161.25,163.4 1 0
dsa-tutorial/linked-list/doubly-linked-list.go:165.3,168.21 4 0
dsa-tutorial/linked-list/doubly-linked-list.go:172.47,176.18 3 0
dsa-tutorial/linked-list/doubly-linked-list.go:176.18,179.3 2 0
dsa-tutorial/linked-list/doubly-linked-list.go:181.2,181.15 1 0
dsa-tutorial/linked-list/linked-list.go:16.59,19.22 2 0
dsa-tutorial/linked-list/linked-list.go:19.22,21.3 1 0
dsa-tutorial/linked-list/linked-list.go:21.8,23.3 1 0
dsa-tutorial/linked-list/linked-list.go:25.2,27.14 3 0
dsa-tutorial/linked-list/linked-list.go:30.56,31.22 1 0
dsa-tutorial/linked-list/linked-list.go:31.22,33.3 1 0
dsa-tutorial/linked-list/linked-list.go:35.2,38.30 3 0
dsa-tutorial/linked-list/linked-list.go:38.30,41.3 2 0
dsa-tutorial/linked-list/linked-list.go:43.2,47.22 4 0
dsa-tutorial/linked-list/linked-list.go:47.22,49.3 1 0
dsa-tutorial/linked-list/linked-list.go:51.2,51.25 1 0
dsa-tutorial/linked-list/linked-list.go:54.58,55.22 1 0
dsa-tutorial/linked-list/linked-list.go:55.22,57.3 1 0
dsa-tutorial/linked-list/linked-list.go:59.2,65.22 4 0
dsa-tutorial/linked-list/linked-list.go:65.22,68.3 2 0
dsa-tutorial/linked-list/linked-list.go:70.2,70.26 1 0
dsa-tutorial/linked-list/linked-list.go:73.71,76.22 2 0
dsa-tutorial/linked-list/linked-list.go:76.22,79.3 2 0
dsa-tutorial/linked-list/linked-list.go:79.8,83.3 3 0
dsa-tutorial/linked-list/linked-list.go:85.2,87.23 2 0
dsa-tutorial/linked-list/linked-list.go:90.59,93.45 2 0
dsa-tutorial/linked-list/linked-list.go:93.45,95.3 1 0
dsa-tutorial/linked-list/linked-list.go:97.2,97.20 1 0
dsa-tutorial/linked-list/linked-list.go:97.20,100.3 2 0
dsa-tutorial/linked-list/linked-list.go:102.2,102.20 1 0
dsa-tutorial/linked-list/linked-list.go:105.61,108.17 2 0
dsa-tutorial/linked-list/linked-list.go:108.17,110.3 1 0
dsa-tutorial/linked-list/linked-list.go:110.8,113.3 2 0
dsa-tutorial/linked-list/linked-list.go:116.64,117.19 1 0
dsa-tutorial/linked-list/linked-list.go:117.19,120.3 2 0
dsa-tutorial/linked-list/linked-list.go:120.8,120.38 1 0
dsa-tutorial/linked-list/linked-list.go:120.38,123.3 2 0
dsa-tutorial/linked-list/linked-list.go:123.8,125.22 2 0
dsa-tutorial/linked-list/linked-list.go:125.22,127.4 1 0
dsa-tutorial/linked-list/linked-list.go:128.3,131.26 3 0
dsa-tutorial/linked-list/linked-list.go:134.2,135.13 2 0
dsa-tutorial/linked-list/linked-list.go:138.62,139.19 1 0
dsa-tutorial/linked-list/linked-list.go:139.19,141.17 2 0
dsa-tutorial/linked-list/linked-list.go:141.17,143.4 1 0
dsa-tutorial/linked-list/linked-list.go:143.9,145.4 1 0
dsa-tutorial/linked-list/linked-list.go:146.8,146.38 1 0
dsa-tutorial/linked-list/linked-list.go:146.38,148.17 2 0
dsa-tutorial/linked-list/linked-list.go:148.17,150.4 1 0
dsa-tutorial/linked-list/linked-list.go:150.9,152.4 1 0
dsa-tutorial/linked-list/linked-list.go:153.8,155.22 2 0
dsa-tutorial/linked-list/linked-list.go:155.22,157.4 1 0
dsa-tutorial/linked-list/linked-list.go:158.3,161.18 4 0
dsa-tutorial/linked-list/linked-list.go:165.47,173.18 6 0
dsa-tutorial/linked-list/linked-list.go:173.18,178.3 4 0
dsa-tutorial/linked-list/linked-list.go:180.2,180.13 1 0
dsa-tutorial/linked-list/linked-list.go:183.32,188.22 4 0
dsa-tutorial/linked-list/linked-list.go:188.22,190.3 1 0
dsa-tutorial/linked-list/linked-list.go:190.8,191.26 1 0
dsa-tutorial/linked-list/linked-list.go:191.26,193.21 2 0
dsa-tutorial/linked-list/linked-list.go:193.21,194.38 1 0
dsa-tutorial/linked-list/linked-list.go:194.38,198.6 3 0
dsa-tutorial/linked-list/linked-list.go:199.5,199.23 1 0
dsa-tutorial/linked-list/linked-list.go:201.4,201.34 1 0
dsa-tutorial/linked-list/linked-list.go:206.41,210.18 3 0
dsa-tutorial/linked-list/linked-list.go:210.18,213.3 2 0
dsa-tutorial/linked-list/linked-list.go:215.2,215.15 1 0
